--------------------------------------------------------------------------------
[Oct 15, 2025 2:16:38.4 PM GMT:ERROR:creative_new_tab_page_ads_util.cc(123)] Successfully saved creative new tab page ads
[Oct 15, 2025 2:16:38.4 PM GMT:ERROR:creative_new_tab_page_ads_util.cc(108)] Successfully saved creative set conversions
[Oct 15, 2025 2:16:39.1 PM GMT:ERROR:creative_new_tab_page_ads_util.cc(123)] Successfully saved creative new tab page ads
[Oct 15, 2025 2:16:39.1 PM GMT:ERROR:creative_new_tab_page_ads_util.cc(108)] Successfully saved creative set conversions
--------------------------------------------------------------------------------
[Oct 15, 2025 2:32:40.3 PM GMT:ERROR:creative_new_tab_page_ads_util.cc(123)] Successfully saved creative new tab page ads
[Oct 15, 2025 2:32:40.3 PM GMT:ERROR:creative_new_tab_page_ads_util.cc(108)] Successfully saved creative set conversions
--------------------------------------------------------------------------------
[Oct 15, 2025 2:42:33.5 PM GMT:ERROR:creative_new_tab_page_ads_util.cc(123)] Successfully saved creative new tab page ads
[Oct 15, 2025 2:42:33.5 PM GMT:ERROR:creative_new_tab_page_ads_util.cc(108)] Successfully saved creative set conversions
--------------------------------------------------------------------------------
[Oct 15, 2025 4:37:38.3 PM GMT:ERROR:creative_new_tab_page_ads_util.cc(123)] Successfully saved creative new tab page ads
[Oct 15, 2025 4:37:38.3 PM GMT:ERROR:creative_new_tab_page_ads_util.cc(108)] Successfully saved creative set conversions
--------------------------------------------------------------------------------
[Oct 15, 2025 5:08:38.4 PM GMT:ERROR:creative_new_tab_page_ads_util.cc(123)] Successfully saved creative new tab page ads
[Oct 15, 2025 5:08:38.4 PM GMT:ERROR:creative_new_tab_page_ads_util.cc(108)] Successfully saved creative set conversions
--------------------------------------------------------------------------------
[Oct 15, 2025 5:09:20.7 PM GMT:ERROR:creative_new_tab_page_ads_util.cc(123)] Successfully saved creative new tab page ads
[Oct 15, 2025 5:09:20.7 PM GMT:ERROR:creative_new_tab_page_ads_util.cc(108)] Successfully saved creative set conversions
--------------------------------------------------------------------------------
[Oct 15, 2025 5:43:04.0 PM GMT:ERROR:creative_new_tab_page_ads_util.cc(123)] Successfully saved creative new tab page ads
[Oct 15, 2025 5:43:04.0 PM GMT:ERROR:creative_new_tab_page_ads_util.cc(108)] Successfully saved creative set conversions
--------------------------------------------------------------------------------
[Oct 15, 2025 6:01:04.9 PM GMT:ERROR:creative_new_tab_page_ads_util.cc(123)] Successfully saved creative new tab page ads
[Oct 15, 2025 6:01:04.9 PM GMT:ERROR:creative_new_tab_page_ads_util.cc(108)] Successfully saved creative set conversions
--------------------------------------------------------------------------------
[Oct 15, 2025 6:18:32.4 PM GMT:ERROR:creative_new_tab_page_ads_util.cc(123)] Successfully saved creative new tab page ads
[Oct 15, 2025 6:18:32.4 PM GMT:ERROR:creative_new_tab_page_ads_util.cc(108)] Successfully saved creative set conversions
--------------------------------------------------------------------------------
[Oct 15, 2025 8:51:40.3 PM GMT:ERROR:creative_new_tab_page_ads_util.cc(123)] Successfully saved creative new tab page ads
[Oct 15, 2025 8:51:40.3 PM GMT:ERROR:creative_new_tab_page_ads_util.cc(108)] Successfully saved creative set conversions
--------------------------------------------------------------------------------
[Oct 15, 2025 8:53:00.3 PM GMT:ERROR:creative_new_tab_page_ads_util.cc(123)] Successfully saved creative new tab page ads
[Oct 15, 2025 8:53:00.3 PM GMT:ERROR:creative_new_tab_page_ads_util.cc(108)] Successfully saved creative set conversions
--------------------------------------------------------------------------------
[Oct 15, 2025 8:55:23.4 PM GMT:ERROR:creative_new_tab_page_ads_util.cc(123)] Successfully saved creative new tab page ads
[Oct 15, 2025 8:55:23.4 PM GMT:ERROR:creative_new_tab_page_ads_util.cc(108)] Successfully saved creative set conversions
--------------------------------------------------------------------------------
[Oct 15, 2025 9:29:36.3 PM GMT:ERROR:creative_new_tab_page_ads_util.cc(123)] Successfully saved creative new tab page ads
[Oct 15, 2025 9:29:36.3 PM GMT:ERROR:creative_new_tab_page_ads_util.cc(108)] Successfully saved creative set conversions
--------------------------------------------------------------------------------
[Oct 15, 2025 9:31:45.0 PM GMT:ERROR:creative_new_tab_page_ads_util.cc(123)] Successfully saved creative new tab page ads
[Oct 15, 2025 9:31:45.0 PM GMT:ERROR:creative_new_tab_page_ads_util.cc(108)] Successfully saved creative set conversions
--------------------------------------------------------------------------------
[Oct 15, 2025 9:45:04.2 PM GMT:ERROR:creative_new_tab_page_ads_util.cc(123)] Successfully saved creative new tab page ads
[Oct 15, 2025 9:45:04.2 PM GMT:ERROR:creative_new_tab_page_ads_util.cc(108)] Successfully saved creative set conversions
--------------------------------------------------------------------------------
[Oct 15, 2025 9:48:08.5 PM GMT:ERROR:creative_new_tab_page_ads_util.cc(123)] Successfully saved creative new tab page ads
[Oct 15, 2025 9:48:08.5 PM GMT:ERROR:creative_new_tab_page_ads_util.cc(108)] Successfully saved creative set conversions
--------------------------------------------------------------------------------
[Oct 15, 2025 10:13:24.3 PM GMT:ERROR:creative_new_tab_page_ads_util.cc(123)] Successfully saved creative new tab page ads
[Oct 15, 2025 10:13:24.3 PM GMT:ERROR:creative_new_tab_page_ads_util.cc(108)] Successfully saved creative set conversions
--------------------------------------------------------------------------------
[Oct 15, 2025 10:13:52.4 PM GMT:ERROR:creative_new_tab_page_ads_util.cc(123)] Successfully saved creative new tab page ads
[Oct 15, 2025 10:13:52.4 PM GMT:ERROR:creative_new_tab_page_ads_util.cc(108)] Successfully saved creative set conversions
--------------------------------------------------------------------------------
[Oct 15, 2025 10:22:29.2 PM GMT:ERROR:creative_new_tab_page_ads_util.cc(123)] Successfully saved creative new tab page ads
[Oct 15, 2025 10:22:29.2 PM GMT:ERROR:creative_new_tab_page_ads_util.cc(108)] Successfully saved creative set conversions
--------------------------------------------------------------------------------
[Oct 15, 2025 10:25:06.0 PM GMT:ERROR:creative_new_tab_page_ads_util.cc(123)] Successfully saved creative new tab page ads
[Oct 15, 2025 10:25:06.0 PM GMT:ERROR:creative_new_tab_page_ads_util.cc(108)] Successfully saved creative set conversions
--------------------------------------------------------------------------------
[Oct 15, 2025 10:31:19.2 PM GMT:ERROR:creative_new_tab_page_ads_util.cc(123)] Successfully saved creative new tab page ads
[Oct 15, 2025 10:31:19.2 PM GMT:ERROR:creative_new_tab_page_ads_util.cc(108)] Successfully saved creative set conversions
--------------------------------------------------------------------------------
[Oct 16, 2025 1:10:11.4 PM GMT:ERROR:creative_new_tab_page_ads_util.cc(123)] Successfully saved creative new tab page ads
[Oct 16, 2025 1:10:11.4 PM GMT:ERROR:creative_new_tab_page_ads_util.cc(108)] Successfully saved creative set conversions
[Oct 16, 2025 1:10:15.1 PM GMT:ERROR:creative_new_tab_page_ads_util.cc(123)] Successfully saved creative new tab page ads
[Oct 16, 2025 1:10:15.1 PM GMT:ERROR:creative_new_tab_page_ads_util.cc(108)] Successfully saved creative set conversions
[Oct 16, 2025 2:25:10.2 PM GMT:ERROR:creative_new_tab_page_ads_util.cc(123)] Successfully saved creative new tab page ads
[Oct 16, 2025 2:25:10.2 PM GMT:ERROR:creative_new_tab_page_ads_util.cc(108)] Successfully saved creative set conversions
[Oct 16, 2025 2:30:32.2 PM GMT:ERROR:search_result_ad_event_handler.cc(238)] Failed to fire search result ad kServedImpression event for placement_id 7fdd0904-35c8-43be-ab4b-cba8e610bf3f and creative instance id 4139d444-edca-4e71-b1e5-7b151d98222b
--------------------------------------------------------------------------------
[Oct 16, 2025 2:58:51.5 PM GMT:ERROR:creative_new_tab_page_ads_util.cc(123)] Successfully saved creative new tab page ads
[Oct 16, 2025 2:58:51.5 PM GMT:ERROR:creative_new_tab_page_ads_util.cc(108)] Successfully saved creative set conversions
--------------------------------------------------------------------------------
[Oct 16, 2025 3:22:17.3 PM GMT:ERROR:creative_new_tab_page_ads_util.cc(123)] Successfully saved creative new tab page ads
[Oct 16, 2025 3:22:17.3 PM GMT:ERROR:creative_new_tab_page_ads_util.cc(108)] Successfully saved creative set conversions
--------------------------------------------------------------------------------
[Oct 16, 2025 3:54:01.6 PM GMT:ERROR:creative_new_tab_page_ads_util.cc(123)] Successfully saved creative new tab page ads
[Oct 16, 2025 3:54:01.6 PM GMT:ERROR:creative_new_tab_page_ads_util.cc(108)] Successfully saved creative set conversions
--------------------------------------------------------------------------------
[Oct 16, 2025 4:54:21.4 PM GMT:ERROR:creative_new_tab_page_ads_util.cc(123)] Successfully saved creative new tab page ads
[Oct 16, 2025 4:54:21.4 PM GMT:ERROR:creative_new_tab_page_ads_util.cc(108)] Successfully saved creative set conversions
--------------------------------------------------------------------------------
[Oct 17, 2025 2:36:27.1 AM GMT:ERROR:creative_new_tab_page_ads_util.cc(123)] Successfully saved creative new tab page ads
[Oct 17, 2025 2:36:27.1 AM GMT:ERROR:creative_new_tab_page_ads_util.cc(108)] Successfully saved creative set conversions
--------------------------------------------------------------------------------
[Oct 17, 2025 2:42:08.7 AM GMT:ERROR:creative_new_tab_page_ads_util.cc(123)] Successfully saved creative new tab page ads
[Oct 17, 2025 2:42:08.7 AM GMT:ERROR:creative_new_tab_page_ads_util.cc(108)] Successfully saved creative set conversions
--------------------------------------------------------------------------------
[Oct 17, 2025 2:44:17.3 AM GMT:ERROR:creative_new_tab_page_ads_util.cc(123)] Successfully saved creative new tab page ads
[Oct 17, 2025 2:44:17.3 AM GMT:ERROR:creative_new_tab_page_ads_util.cc(108)] Successfully saved creative set conversions
--------------------------------------------------------------------------------
[Oct 17, 2025 6:39:12.1 AM GMT:ERROR:creative_new_tab_page_ads_util.cc(123)] Successfully saved creative new tab page ads
[Oct 17, 2025 6:39:12.1 AM GMT:ERROR:creative_new_tab_page_ads_util.cc(108)] Successfully saved creative set conversions
[Oct 17, 2025 6:39:14.7 AM GMT:ERROR:creative_new_tab_page_ads_util.cc(123)] Successfully saved creative new tab page ads
[Oct 17, 2025 6:39:14.7 AM GMT:ERROR:creative_new_tab_page_ads_util.cc(108)] Successfully saved creative set conversions
--------------------------------------------------------------------------------
[Oct 17, 2025 7:05:01.0 AM GMT:ERROR:creative_new_tab_page_ads_util.cc(123)] Successfully saved creative new tab page ads
[Oct 17, 2025 7:05:01.0 AM GMT:ERROR:creative_new_tab_page_ads_util.cc(108)] Successfully saved creative set conversions
--------------------------------------------------------------------------------
[Oct 17, 2025 7:14:27.2 AM GMT:ERROR:creative_new_tab_page_ads_util.cc(123)] Successfully saved creative new tab page ads
[Oct 17, 2025 7:14:27.2 AM GMT:ERROR:creative_new_tab_page_ads_util.cc(108)] Successfully saved creative set conversions
--------------------------------------------------------------------------------
[Oct 17, 2025 7:21:03.3 AM GMT:ERROR:creative_new_tab_page_ads_util.cc(123)] Successfully saved creative new tab page ads
[Oct 17, 2025 7:21:03.3 AM GMT:ERROR:creative_new_tab_page_ads_util.cc(108)] Successfully saved creative set conversions
--------------------------------------------------------------------------------
[Oct 17, 2025 7:22:10.0 AM GMT:ERROR:creative_new_tab_page_ads_util.cc(123)] Successfully saved creative new tab page ads
[Oct 17, 2025 7:22:10.0 AM GMT:ERROR:creative_new_tab_page_ads_util.cc(108)] Successfully saved creative set conversions
--------------------------------------------------------------------------------
[Oct 17, 2025 8:17:44.7 AM GMT:ERROR:creative_new_tab_page_ads_util.cc(123)] Successfully saved creative new tab page ads
[Oct 17, 2025 8:17:44.7 AM GMT:ERROR:creative_new_tab_page_ads_util.cc(108)] Successfully saved creative set conversions
--------------------------------------------------------------------------------
[Oct 17, 2025 12:38:53.9 PM GMT:ERROR:creative_new_tab_page_ads_util.cc(123)] Successfully saved creative new tab page ads
[Oct 17, 2025 12:38:53.9 PM GMT:ERROR:creative_new_tab_page_ads_util.cc(108)] Successfully saved creative set conversions
--------------------------------------------------------------------------------
[Oct 17, 2025 1:37:02.0 PM GMT:ERROR:creative_new_tab_page_ads_util.cc(123)] Successfully saved creative new tab page ads
[Oct 17, 2025 1:37:02.0 PM GMT:ERROR:creative_new_tab_page_ads_util.cc(108)] Successfully saved creative set conversions
--------------------------------------------------------------------------------
[Oct 17, 2025 1:47:41.2 PM GMT:ERROR:creative_new_tab_page_ads_util.cc(123)] Successfully saved creative new tab page ads
[Oct 17, 2025 1:47:41.2 PM GMT:ERROR:creative_new_tab_page_ads_util.cc(108)] Successfully saved creative set conversions
--------------------------------------------------------------------------------
[Oct 17, 2025 1:57:58.1 PM GMT:ERROR:creative_new_tab_page_ads_util.cc(123)] Successfully saved creative new tab page ads
[Oct 17, 2025 1:57:58.1 PM GMT:ERROR:creative_new_tab_page_ads_util.cc(108)] Successfully saved creative set conversions
--------------------------------------------------------------------------------
[Oct 17, 2025 1:58:28.5 PM GMT:ERROR:creative_new_tab_page_ads_util.cc(123)] Successfully saved creative new tab page ads
[Oct 17, 2025 1:58:28.5 PM GMT:ERROR:creative_new_tab_page_ads_util.cc(108)] Successfully saved creative set conversions
--------------------------------------------------------------------------------
[Oct 17, 2025 1:58:46.5 PM GMT:ERROR:creative_new_tab_page_ads_util.cc(123)] Successfully saved creative new tab page ads
[Oct 17, 2025 1:58:46.5 PM GMT:ERROR:creative_new_tab_page_ads_util.cc(108)] Successfully saved creative set conversions
--------------------------------------------------------------------------------
[Oct 17, 2025 2:01:45.2 PM GMT:ERROR:creative_new_tab_page_ads_util.cc(123)] Successfully saved creative new tab page ads
[Oct 17, 2025 2:01:45.2 PM GMT:ERROR:creative_new_tab_page_ads_util.cc(108)] Successfully saved creative set conversions
--------------------------------------------------------------------------------
[Oct 17, 2025 2:05:53.1 PM GMT:ERROR:creative_new_tab_page_ads_util.cc(123)] Successfully saved creative new tab page ads
[Oct 17, 2025 2:05:53.1 PM GMT:ERROR:creative_new_tab_page_ads_util.cc(108)] Successfully saved creative set conversions
--------------------------------------------------------------------------------
[Oct 17, 2025 2:11:46.4 PM GMT:ERROR:creative_new_tab_page_ads_util.cc(123)] Successfully saved creative new tab page ads
[Oct 17, 2025 2:11:46.4 PM GMT:ERROR:creative_new_tab_page_ads_util.cc(108)] Successfully saved creative set conversions
--------------------------------------------------------------------------------
[Oct 17, 2025 5:37:02.7 PM GMT:ERROR:creative_new_tab_page_ads_util.cc(123)] Successfully saved creative new tab page ads
[Oct 17, 2025 5:37:02.7 PM GMT:ERROR:creative_new_tab_page_ads_util.cc(108)] Successfully saved creative set conversions
--------------------------------------------------------------------------------
[Oct 17, 2025 6:45:58.0 PM GMT:ERROR:creative_new_tab_page_ads_util.cc(123)] Successfully saved creative new tab page ads
[Oct 17, 2025 6:45:58.0 PM GMT:ERROR:creative_new_tab_page_ads_util.cc(108)] Successfully saved creative set conversions
--------------------------------------------------------------------------------
[Oct 17, 2025 6:49:37.2 PM GMT:ERROR:creative_new_tab_page_ads_util.cc(123)] Successfully saved creative new tab page ads
[Oct 17, 2025 6:49:37.2 PM GMT:ERROR:creative_new_tab_page_ads_util.cc(108)] Successfully saved creative set conversions
--------------------------------------------------------------------------------
[Oct 17, 2025 7:45:48.9 PM GMT:ERROR:creative_new_tab_page_ads_util.cc(123)] Successfully saved creative new tab page ads
[Oct 17, 2025 7:45:48.9 PM GMT:ERROR:creative_new_tab_page_ads_util.cc(108)] Successfully saved creative set conversions
[Oct 17, 2025 7:49:58.8 PM GMT:ERROR:search_result_ad_event_handler.cc(238)] Failed to fire search result ad kServedImpression event for placement_id 1fcefa0f-9615-4b09-bf9a-adf27df381c1 and creative instance id 10512a9a-fe68-477b-a935-638f385f8bad
--------------------------------------------------------------------------------
[Oct 17, 2025 11:46:08.8 PM GMT:ERROR:creative_new_tab_page_ads_util.cc(123)] Successfully saved creative new tab page ads
[Oct 17, 2025 11:46:08.8 PM GMT:ERROR:creative_new_tab_page_ads_util.cc(108)] Successfully saved creative set conversions
--------------------------------------------------------------------------------
[Oct 18, 2025 10:10:30.1 AM GMT:ERROR:creative_new_tab_page_ads_util.cc(123)] Successfully saved creative new tab page ads
[Oct 18, 2025 10:10:30.1 AM GMT:ERROR:creative_new_tab_page_ads_util.cc(108)] Successfully saved creative set conversions
[Oct 18, 2025 10:10:33.0 AM GMT:ERROR:creative_new_tab_page_ads_util.cc(123)] Successfully saved creative new tab page ads
[Oct 18, 2025 10:10:33.0 AM GMT:ERROR:creative_new_tab_page_ads_util.cc(108)] Successfully saved creative set conversions
--------------------------------------------------------------------------------
[Oct 18, 2025 10:41:51.8 AM GMT:ERROR:creative_new_tab_page_ads_util.cc(123)] Successfully saved creative new tab page ads
[Oct 18, 2025 10:41:51.8 AM GMT:ERROR:creative_new_tab_page_ads_util.cc(108)] Successfully saved creative set conversions
--------------------------------------------------------------------------------
[Oct 18, 2025 3:57:54.9 PM GMT:ERROR:creative_new_tab_page_ads_util.cc(123)] Successfully saved creative new tab page ads
[Oct 18, 2025 3:57:54.9 PM GMT:ERROR:creative_new_tab_page_ads_util.cc(108)] Successfully saved creative set conversions
--------------------------------------------------------------------------------
[Oct 18, 2025 5:22:33.3 PM GMT:ERROR:creative_new_tab_page_ads_util.cc(123)] Successfully saved creative new tab page ads
[Oct 18, 2025 5:22:33.3 PM GMT:ERROR:creative_new_tab_page_ads_util.cc(108)] Successfully saved creative set conversions
--------------------------------------------------------------------------------
[Oct 18, 2025 5:42:44.1 PM GMT:ERROR:creative_new_tab_page_ads_util.cc(123)] Successfully saved creative new tab page ads
[Oct 18, 2025 5:42:44.1 PM GMT:ERROR:creative_new_tab_page_ads_util.cc(108)] Successfully saved creative set conversions
--------------------------------------------------------------------------------
[Oct 18, 2025 5:44:48.5 PM GMT:ERROR:creative_new_tab_page_ads_util.cc(123)] Successfully saved creative new tab page ads
[Oct 18, 2025 5:44:48.5 PM GMT:ERROR:creative_new_tab_page_ads_util.cc(108)] Successfully saved creative set conversions
--------------------------------------------------------------------------------
[Oct 18, 2025 8:52:20.1 PM GMT:ERROR:creative_new_tab_page_ads_util.cc(123)] Successfully saved creative new tab page ads
[Oct 18, 2025 8:52:20.1 PM GMT:ERROR:creative_new_tab_page_ads_util.cc(108)] Successfully saved creative set conversions
--------------------------------------------------------------------------------
[Oct 18, 2025 10:40:01.5 PM GMT:ERROR:creative_new_tab_page_ads_util.cc(123)] Successfully saved creative new tab page ads
[Oct 18, 2025 10:40:01.5 PM GMT:ERROR:creative_new_tab_page_ads_util.cc(108)] Successfully saved creative set conversions
--------------------------------------------------------------------------------
[Oct 18, 2025 10:56:54.5 PM GMT:ERROR:creative_new_tab_page_ads_util.cc(123)] Successfully saved creative new tab page ads
[Oct 18, 2025 10:56:54.5 PM GMT:ERROR:creative_new_tab_page_ads_util.cc(108)] Successfully saved creative set conversions
--------------------------------------------------------------------------------
[Oct 18, 2025 11:58:37.8 PM GMT:ERROR:creative_new_tab_page_ads_util.cc(123)] Successfully saved creative new tab page ads
[Oct 18, 2025 11:58:37.8 PM GMT:ERROR:creative_new_tab_page_ads_util.cc(108)] Successfully saved creative set conversions
--------------------------------------------------------------------------------
[Oct 19, 2025 12:12:35.3 AM GMT:ERROR:creative_new_tab_page_ads_util.cc(123)] Successfully saved creative new tab page ads
[Oct 19, 2025 12:12:35.3 AM GMT:ERROR:creative_new_tab_page_ads_util.cc(108)] Successfully saved creative set conversions
--------------------------------------------------------------------------------
[Oct 19, 2025 12:13:09.1 AM GMT:ERROR:creative_new_tab_page_ads_util.cc(123)] Successfully saved creative new tab page ads
[Oct 19, 2025 12:13:09.1 AM GMT:ERROR:creative_new_tab_page_ads_util.cc(108)] Successfully saved creative set conversions
--------------------------------------------------------------------------------
[Oct 19, 2025 12:14:32.6 AM GMT:ERROR:creative_new_tab_page_ads_util.cc(123)] Successfully saved creative new tab page ads
[Oct 19, 2025 12:14:32.6 AM GMT:ERROR:creative_new_tab_page_ads_util.cc(108)] Successfully saved creative set conversions
--------------------------------------------------------------------------------
[Oct 19, 2025 1:07:04.0 AM GMT:ERROR:creative_new_tab_page_ads_util.cc(123)] Successfully saved creative new tab page ads
[Oct 19, 2025 1:07:04.0 AM GMT:ERROR:creative_new_tab_page_ads_util.cc(108)] Successfully saved creative set conversions
--------------------------------------------------------------------------------
[Oct 19, 2025 1:21:33.9 AM GMT:ERROR:creative_new_tab_page_ads_util.cc(123)] Successfully saved creative new tab page ads
[Oct 19, 2025 1:21:33.9 AM GMT:ERROR:creative_new_tab_page_ads_util.cc(108)] Successfully saved creative set conversions
--------------------------------------------------------------------------------
[Oct 19, 2025 2:20:24.4 AM GMT:ERROR:creative_new_tab_page_ads_util.cc(123)] Successfully saved creative new tab page ads
[Oct 19, 2025 2:20:24.4 AM GMT:ERROR:creative_new_tab_page_ads_util.cc(108)] Successfully saved creative set conversions
--------------------------------------------------------------------------------
[Oct 19, 2025 2:20:40.5 AM GMT:ERROR:creative_new_tab_page_ads_util.cc(123)] Successfully saved creative new tab page ads
[Oct 19, 2025 2:20:40.5 AM GMT:ERROR:creative_new_tab_page_ads_util.cc(108)] Successfully saved creative set conversions
--------------------------------------------------------------------------------
[Oct 19, 2025 2:22:05.9 AM GMT:ERROR:creative_new_tab_page_ads_util.cc(123)] Successfully saved creative new tab page ads
[Oct 19, 2025 2:22:05.9 AM GMT:ERROR:creative_new_tab_page_ads_util.cc(108)] Successfully saved creative set conversions
--------------------------------------------------------------------------------
[Oct 19, 2025 2:29:13.1 AM GMT:ERROR:creative_new_tab_page_ads_util.cc(123)] Successfully saved creative new tab page ads
[Oct 19, 2025 2:29:13.1 AM GMT:ERROR:creative_new_tab_page_ads_util.cc(108)] Successfully saved creative set conversions
--------------------------------------------------------------------------------
[Oct 19, 2025 2:30:30.2 AM GMT:ERROR:creative_new_tab_page_ads_util.cc(123)] Successfully saved creative new tab page ads
[Oct 19, 2025 2:30:30.2 AM GMT:ERROR:creative_new_tab_page_ads_util.cc(108)] Successfully saved creative set conversions
--------------------------------------------------------------------------------
[Oct 19, 2025 3:28:05.2 AM GMT:ERROR:creative_new_tab_page_ads_util.cc(123)] Successfully saved creative new tab page ads
[Oct 19, 2025 3:28:05.2 AM GMT:ERROR:creative_new_tab_page_ads_util.cc(108)] Successfully saved creative set conversions
[Oct 19, 2025 3:28:09.2 AM GMT:ERROR:creative_new_tab_page_ads_util.cc(123)] Successfully saved creative new tab page ads
[Oct 19, 2025 3:28:09.2 AM GMT:ERROR:creative_new_tab_page_ads_util.cc(108)] Successfully saved creative set conversions
--------------------------------------------------------------------------------
[Oct 19, 2025 3:12:08.1 PM GMT:ERROR:creative_new_tab_page_ads_util.cc(123)] Successfully saved creative new tab page ads
[Oct 19, 2025 3:12:08.1 PM GMT:ERROR:creative_new_tab_page_ads_util.cc(108)] Successfully saved creative set conversions
--------------------------------------------------------------------------------
[Oct 19, 2025 6:44:02.1 PM GMT:ERROR:creative_new_tab_page_ads_util.cc(123)] Successfully saved creative new tab page ads
[Oct 19, 2025 6:44:02.1 PM GMT:ERROR:creative_new_tab_page_ads_util.cc(108)] Successfully saved creative set conversions
--------------------------------------------------------------------------------
[Oct 19, 2025 8:55:18.1 PM GMT:ERROR:creative_new_tab_page_ads_util.cc(123)] Successfully saved creative new tab page ads
[Oct 19, 2025 8:55:18.1 PM GMT:ERROR:creative_new_tab_page_ads_util.cc(108)] Successfully saved creative set conversions
--------------------------------------------------------------------------------
[Oct 19, 2025 8:55:31.0 PM GMT:ERROR:creative_new_tab_page_ads_util.cc(123)] Successfully saved creative new tab page ads
[Oct 19, 2025 8:55:31.0 PM GMT:ERROR:creative_new_tab_page_ads_util.cc(108)] Successfully saved creative set conversions
--------------------------------------------------------------------------------
[Oct 19, 2025 10:13:05.5 PM GMT:ERROR:creative_new_tab_page_ads_util.cc(123)] Successfully saved creative new tab page ads
[Oct 19, 2025 10:13:05.5 PM GMT:ERROR:creative_new_tab_page_ads_util.cc(108)] Successfully saved creative set conversions
--------------------------------------------------------------------------------
[Oct 19, 2025 11:03:03.7 PM GMT:ERROR:creative_new_tab_page_ads_util.cc(123)] Successfully saved creative new tab page ads
[Oct 19, 2025 11:03:03.7 PM GMT:ERROR:creative_new_tab_page_ads_util.cc(108)] Successfully saved creative set conversions
--------------------------------------------------------------------------------
[Oct 19, 2025 11:05:30.6 PM GMT:ERROR:creative_new_tab_page_ads_util.cc(123)] Successfully saved creative new tab page ads
[Oct 19, 2025 11:05:30.6 PM GMT:ERROR:creative_new_tab_page_ads_util.cc(108)] Successfully saved creative set conversions
--------------------------------------------------------------------------------
[Oct 19, 2025 11:07:47.2 PM GMT:ERROR:creative_new_tab_page_ads_util.cc(123)] Successfully saved creative new tab page ads
[Oct 19, 2025 11:07:47.2 PM GMT:ERROR:creative_new_tab_page_ads_util.cc(108)] Successfully saved creative set conversions
--------------------------------------------------------------------------------
[Oct 20, 2025 3:21:10.2 PM GMT:ERROR:creative_new_tab_page_ads_util.cc(123)] Successfully saved creative new tab page ads
[Oct 20, 2025 3:21:10.2 PM GMT:ERROR:creative_new_tab_page_ads_util.cc(108)] Successfully saved creative set conversions
--------------------------------------------------------------------------------
[Oct 20, 2025 6:40:13.1 PM GMT:ERROR:creative_new_tab_page_ads_util.cc(123)] Successfully saved creative new tab page ads
[Oct 20, 2025 6:40:13.1 PM GMT:ERROR:creative_new_tab_page_ads_util.cc(108)] Successfully saved creative set conversions
[Oct 20, 2025 6:40:15.4 PM GMT:ERROR:creative_new_tab_page_ads_util.cc(123)] Successfully saved creative new tab page ads
[Oct 20, 2025 6:40:15.4 PM GMT:ERROR:creative_new_tab_page_ads_util.cc(108)] Successfully saved creative set conversions
--------------------------------------------------------------------------------
[Oct 20, 2025 11:25:19.8 PM GMT:ERROR:creative_new_tab_page_ads_util.cc(123)] Successfully saved creative new tab page ads
[Oct 20, 2025 11:25:19.8 PM GMT:ERROR:creative_new_tab_page_ads_util.cc(108)] Successfully saved creative set conversions
--------------------------------------------------------------------------------
[Oct 21, 2025 2:14:17.6 AM GMT:ERROR:creative_new_tab_page_ads_util.cc(123)] Successfully saved creative new tab page ads
[Oct 21, 2025 2:14:17.6 AM GMT:ERROR:creative_new_tab_page_ads_util.cc(108)] Successfully saved creative set conversions
[Oct 21, 2025 3:14:13.3 AM GMT:ERROR:creative_new_tab_page_ads_util.cc(123)] Successfully saved creative new tab page ads
[Oct 21, 2025 3:14:13.3 AM GMT:ERROR:creative_new_tab_page_ads_util.cc(108)] Successfully saved creative set conversions
--------------------------------------------------------------------------------
[Oct 21, 2025 2:14:46.3 PM GMT:ERROR:creative_new_tab_page_ads_util.cc(123)] Successfully saved creative new tab page ads
[Oct 21, 2025 2:14:46.3 PM GMT:ERROR:creative_new_tab_page_ads_util.cc(108)] Successfully saved creative set conversions
--------------------------------------------------------------------------------
[Oct 21, 2025 9:23:18.7 PM GMT:ERROR:creative_new_tab_page_ads_util.cc(123)] Successfully saved creative new tab page ads
[Oct 21, 2025 9:23:18.7 PM GMT:ERROR:creative_new_tab_page_ads_util.cc(108)] Successfully saved creative set conversions
--------------------------------------------------------------------------------
[Oct 22, 2025 2:26:27.8 AM GMT:ERROR:creative_new_tab_page_ads_util.cc(123)] Successfully saved creative new tab page ads
[Oct 22, 2025 2:26:27.8 AM GMT:ERROR:creative_new_tab_page_ads_util.cc(108)] Successfully saved creative set conversions
[Oct 22, 2025 3:26:23.1 AM GMT:ERROR:creative_new_tab_page_ads_util.cc(123)] Successfully saved creative new tab page ads
[Oct 22, 2025 3:26:23.1 AM GMT:ERROR:creative_new_tab_page_ads_util.cc(108)] Successfully saved creative set conversions
--------------------------------------------------------------------------------
[Oct 22, 2025 3:42:10.5 AM GMT:ERROR:creative_new_tab_page_ads_util.cc(123)] Successfully saved creative new tab page ads
[Oct 22, 2025 3:42:10.5 AM GMT:ERROR:creative_new_tab_page_ads_util.cc(108)] Successfully saved creative set conversions
--------------------------------------------------------------------------------
[Oct 22, 2025 4:07:22.4 AM GMT:ERROR:creative_new_tab_page_ads_util.cc(123)] Successfully saved creative new tab page ads
[Oct 22, 2025 4:07:22.4 AM GMT:ERROR:creative_new_tab_page_ads_util.cc(108)] Successfully saved creative set conversions
--------------------------------------------------------------------------------
[Oct 22, 2025 2:56:01.8 PM GMT:ERROR:creative_new_tab_page_ads_util.cc(123)] Successfully saved creative new tab page ads
[Oct 22, 2025 2:56:01.8 PM GMT:ERROR:creative_new_tab_page_ads_util.cc(108)] Successfully saved creative set conversions
--------------------------------------------------------------------------------
[Oct 23, 2025 5:34:06.7 AM GMT:ERROR:creative_new_tab_page_ads_util.cc(123)] Successfully saved creative new tab page ads
[Oct 23, 2025 5:34:06.7 AM GMT:ERROR:creative_new_tab_page_ads_util.cc(108)] Successfully saved creative set conversions
[Oct 23, 2025 5:34:09.2 AM GMT:ERROR:creative_new_tab_page_ads_util.cc(123)] Successfully saved creative new tab page ads
[Oct 23, 2025 5:34:09.2 AM GMT:ERROR:creative_new_tab_page_ads_util.cc(108)] Successfully saved creative set conversions
--------------------------------------------------------------------------------
[Oct 23, 2025 7:00:54.4 AM GMT:ERROR:creative_new_tab_page_ads_util.cc(123)] Successfully saved creative new tab page ads
[Oct 23, 2025 7:00:54.4 AM GMT:ERROR:creative_new_tab_page_ads_util.cc(108)] Successfully saved creative set conversions
--------------------------------------------------------------------------------
[Oct 23, 2025 1:33:28.6 PM GMT:ERROR:creative_new_tab_page_ads_util.cc(123)] Successfully saved creative new tab page ads
[Oct 23, 2025 1:33:28.6 PM GMT:ERROR:creative_new_tab_page_ads_util.cc(108)] Successfully saved creative set conversions
--------------------------------------------------------------------------------
[Oct 23, 2025 1:41:47.6 PM GMT:ERROR:creative_new_tab_page_ads_util.cc(123)] Successfully saved creative new tab page ads
[Oct 23, 2025 1:41:47.6 PM GMT:ERROR:creative_new_tab_page_ads_util.cc(108)] Successfully saved creative set conversions
--------------------------------------------------------------------------------
[Oct 23, 2025 1:53:07.4 PM GMT:ERROR:creative_new_tab_page_ads_util.cc(123)] Successfully saved creative new tab page ads
[Oct 23, 2025 1:53:07.4 PM GMT:ERROR:creative_new_tab_page_ads_util.cc(108)] Successfully saved creative set conversions
--------------------------------------------------------------------------------
[Oct 23, 2025 1:56:10.1 PM GMT:ERROR:creative_new_tab_page_ads_util.cc(123)] Successfully saved creative new tab page ads
[Oct 23, 2025 1:56:10.1 PM GMT:ERROR:creative_new_tab_page_ads_util.cc(108)] Successfully saved creative set conversions
--------------------------------------------------------------------------------
[Oct 23, 2025 1:57:00.0 PM GMT:ERROR:creative_new_tab_page_ads_util.cc(123)] Successfully saved creative new tab page ads
[Oct 23, 2025 1:57:00.0 PM GMT:ERROR:creative_new_tab_page_ads_util.cc(108)] Successfully saved creative set conversions
[Oct 23, 2025 2:08:41.5 PM GMT:ERROR:redeem_non_reward_confirmation.cc(116)] Failed to redeem non-reward kViewedImpression confirmation for kNewTabPageAd with transaction id 958865d1-4ed0-42cd-8615-8e88e1886528 and creative instance id 946d126e-a635-4c85-b150-8c4a55127439
[Oct 23, 2025 2:08:41.6 PM GMT:ERROR:confirmations.cc(104)] Failed to process kViewedImpression confirmation for kNewTabPageAd with transaction id 958865d1-4ed0-42cd-8615-8e88e1886528 and creative instance id 946d126e-a635-4c85-b150-8c4a55127439
[Oct 23, 2025 2:09:29.6 PM GMT:ERROR:redeem_non_reward_confirmation.cc(116)] Failed to redeem non-reward kViewedImpression confirmation for kNewTabPageAd with transaction id 958865d1-4ed0-42cd-8615-8e88e1886528 and creative instance id 946d126e-a635-4c85-b150-8c4a55127439
[Oct 23, 2025 2:09:29.8 PM GMT:ERROR:confirmations.cc(104)] Failed to process kViewedImpression confirmation for kNewTabPageAd with transaction id 958865d1-4ed0-42cd-8615-8e88e1886528 and creative instance id 946d126e-a635-4c85-b150-8c4a55127439
[Oct 23, 2025 2:10:24.5 PM GMT:ERROR:redeem_non_reward_confirmation.cc(116)] Failed to redeem non-reward kViewedImpression confirmation for kNewTabPageAd with transaction id 958865d1-4ed0-42cd-8615-8e88e1886528 and creative instance id 946d126e-a635-4c85-b150-8c4a55127439
[Oct 23, 2025 2:10:24.6 PM GMT:ERROR:confirmations.cc(104)] Failed to process kViewedImpression confirmation for kNewTabPageAd with transaction id 958865d1-4ed0-42cd-8615-8e88e1886528 and creative instance id 946d126e-a635-4c85-b150-8c4a55127439
[Oct 23, 2025 2:12:01.4 PM GMT:ERROR:redeem_non_reward_confirmation.cc(116)] Failed to redeem non-reward kViewedImpression confirmation for kNewTabPageAd with transaction id 958865d1-4ed0-42cd-8615-8e88e1886528 and creative instance id 946d126e-a635-4c85-b150-8c4a55127439
[Oct 23, 2025 2:12:01.6 PM GMT:ERROR:confirmations.cc(104)] Failed to process kViewedImpression confirmation for kNewTabPageAd with transaction id 958865d1-4ed0-42cd-8615-8e88e1886528 and creative instance id 946d126e-a635-4c85-b150-8c4a55127439
[Oct 23, 2025 2:14:55.7 PM GMT:ERROR:redeem_non_reward_confirmation.cc(116)] Failed to redeem non-reward kViewedImpression confirmation for kNewTabPageAd with transaction id 958865d1-4ed0-42cd-8615-8e88e1886528 and creative instance id 946d126e-a635-4c85-b150-8c4a55127439
[Oct 23, 2025 2:14:55.8 PM GMT:ERROR:confirmations.cc(104)] Failed to process kViewedImpression confirmation for kNewTabPageAd with transaction id 958865d1-4ed0-42cd-8615-8e88e1886528 and creative instance id 946d126e-a635-4c85-b150-8c4a55127439
[Oct 23, 2025 2:15:38.7 PM GMT:ERROR:redeem_non_reward_confirmation.cc(116)] Failed to redeem non-reward kViewedImpression confirmation for kNewTabPageAd with transaction id 2889b7fc-fc62-414b-855a-314472201133 and creative instance id 946d126e-a635-4c85-b150-8c4a55127439
[Oct 23, 2025 2:15:38.8 PM GMT:ERROR:confirmations.cc(104)] Failed to process kViewedImpression confirmation for kNewTabPageAd with transaction id 2889b7fc-fc62-414b-855a-314472201133 and creative instance id 946d126e-a635-4c85-b150-8c4a55127439
[Oct 23, 2025 2:16:17.7 PM GMT:ERROR:redeem_non_reward_confirmation.cc(116)] Failed to redeem non-reward kViewedImpression confirmation for kNewTabPageAd with transaction id 2889b7fc-fc62-414b-855a-314472201133 and creative instance id 946d126e-a635-4c85-b150-8c4a55127439
[Oct 23, 2025 2:16:17.8 PM GMT:ERROR:confirmations.cc(104)] Failed to process kViewedImpression confirmation for kNewTabPageAd with transaction id 2889b7fc-fc62-414b-855a-314472201133 and creative instance id 946d126e-a635-4c85-b150-8c4a55127439
[Oct 23, 2025 2:17:12.8 PM GMT:ERROR:redeem_non_reward_confirmation.cc(116)] Failed to redeem non-reward kViewedImpression confirmation for kNewTabPageAd with transaction id 2889b7fc-fc62-414b-855a-314472201133 and creative instance id 946d126e-a635-4c85-b150-8c4a55127439
[Oct 23, 2025 2:17:12.9 PM GMT:ERROR:confirmations.cc(104)] Failed to process kViewedImpression confirmation for kNewTabPageAd with transaction id 2889b7fc-fc62-414b-855a-314472201133 and creative instance id 946d126e-a635-4c85-b150-8c4a55127439
[Oct 23, 2025 2:18:32.6 PM GMT:ERROR:redeem_non_reward_confirmation.cc(116)] Failed to redeem non-reward kViewedImpression confirmation for kNewTabPageAd with transaction id 2889b7fc-fc62-414b-855a-314472201133 and creative instance id 946d126e-a635-4c85-b150-8c4a55127439
[Oct 23, 2025 2:18:32.7 PM GMT:ERROR:confirmations.cc(104)] Failed to process kViewedImpression confirmation for kNewTabPageAd with transaction id 2889b7fc-fc62-414b-855a-314472201133 and creative instance id 946d126e-a635-4c85-b150-8c4a55127439
[Oct 23, 2025 2:19:15.7 PM GMT:ERROR:redeem_non_reward_confirmation.cc(116)] Failed to redeem non-reward kViewedImpression confirmation for kNewTabPageAd with transaction id f4833d3c-f665-4f0c-af2b-138c0f5f1bcf and creative instance id 946d126e-a635-4c85-b150-8c4a55127439
[Oct 23, 2025 2:19:15.8 PM GMT:ERROR:confirmations.cc(104)] Failed to process kViewedImpression confirmation for kNewTabPageAd with transaction id f4833d3c-f665-4f0c-af2b-138c0f5f1bcf and creative instance id 946d126e-a635-4c85-b150-8c4a55127439
[Oct 23, 2025 2:19:49.2 PM GMT:ERROR:redeem_non_reward_confirmation.cc(116)] Failed to redeem non-reward kViewedImpression confirmation for kNewTabPageAd with transaction id f4833d3c-f665-4f0c-af2b-138c0f5f1bcf and creative instance id 946d126e-a635-4c85-b150-8c4a55127439
[Oct 23, 2025 2:19:49.4 PM GMT:ERROR:confirmations.cc(104)] Failed to process kViewedImpression confirmation for kNewTabPageAd with transaction id f4833d3c-f665-4f0c-af2b-138c0f5f1bcf and creative instance id 946d126e-a635-4c85-b150-8c4a55127439
[Oct 23, 2025 2:20:38.4 PM GMT:ERROR:redeem_non_reward_confirmation.cc(116)] Failed to redeem non-reward kViewedImpression confirmation for kNewTabPageAd with transaction id f4833d3c-f665-4f0c-af2b-138c0f5f1bcf and creative instance id 946d126e-a635-4c85-b150-8c4a55127439
[Oct 23, 2025 2:20:38.5 PM GMT:ERROR:confirmations.cc(104)] Failed to process kViewedImpression confirmation for kNewTabPageAd with transaction id f4833d3c-f665-4f0c-af2b-138c0f5f1bcf and creative instance id 946d126e-a635-4c85-b150-8c4a55127439
[Oct 23, 2025 2:21:12.7 PM GMT:ERROR:redeem_non_reward_confirmation.cc(116)] Failed to redeem non-reward kViewedImpression confirmation for kNewTabPageAd with transaction id 2889b7fc-fc62-414b-855a-314472201133 and creative instance id 946d126e-a635-4c85-b150-8c4a55127439
[Oct 23, 2025 2:21:12.8 PM GMT:ERROR:confirmations.cc(104)] Failed to process kViewedImpression confirmation for kNewTabPageAd with transaction id 2889b7fc-fc62-414b-855a-314472201133 and creative instance id 946d126e-a635-4c85-b150-8c4a55127439
[Oct 23, 2025 2:21:41.8 PM GMT:ERROR:redeem_non_reward_confirmation.cc(116)] Failed to redeem non-reward kViewedImpression confirmation for kNewTabPageAd with transaction id 958865d1-4ed0-42cd-8615-8e88e1886528 and creative instance id 946d126e-a635-4c85-b150-8c4a55127439
[Oct 23, 2025 2:21:42.0 PM GMT:ERROR:confirmations.cc(104)] Failed to process kViewedImpression confirmation for kNewTabPageAd with transaction id 958865d1-4ed0-42cd-8615-8e88e1886528 and creative instance id 946d126e-a635-4c85-b150-8c4a55127439
[Oct 23, 2025 2:22:18.2 PM GMT:ERROR:redeem_non_reward_confirmation.cc(116)] Failed to redeem non-reward kViewedImpression confirmation for kNewTabPageAd with transaction id f4833d3c-f665-4f0c-af2b-138c0f5f1bcf and creative instance id 946d126e-a635-4c85-b150-8c4a55127439
[Oct 23, 2025 2:22:18.3 PM GMT:ERROR:confirmations.cc(104)] Failed to process kViewedImpression confirmation for kNewTabPageAd with transaction id f4833d3c-f665-4f0c-af2b-138c0f5f1bcf and creative instance id 946d126e-a635-4c85-b150-8c4a55127439
[Oct 23, 2025 2:25:28.3 PM GMT:ERROR:redeem_non_reward_confirmation.cc(116)] Failed to redeem non-reward kViewedImpression confirmation for kNewTabPageAd with transaction id f4833d3c-f665-4f0c-af2b-138c0f5f1bcf and creative instance id 946d126e-a635-4c85-b150-8c4a55127439
[Oct 23, 2025 2:25:28.4 PM GMT:ERROR:confirmations.cc(104)] Failed to process kViewedImpression confirmation for kNewTabPageAd with transaction id f4833d3c-f665-4f0c-af2b-138c0f5f1bcf and creative instance id 946d126e-a635-4c85-b150-8c4a55127439
[Oct 23, 2025 2:25:54.5 PM GMT:ERROR:redeem_non_reward_confirmation.cc(116)] Failed to redeem non-reward kViewedImpression confirmation for kNewTabPageAd with transaction id 2889b7fc-fc62-414b-855a-314472201133 and creative instance id 946d126e-a635-4c85-b150-8c4a55127439
[Oct 23, 2025 2:25:54.6 PM GMT:ERROR:confirmations.cc(104)] Failed to process kViewedImpression confirmation for kNewTabPageAd with transaction id 2889b7fc-fc62-414b-855a-314472201133 and creative instance id 946d126e-a635-4c85-b150-8c4a55127439
[Oct 23, 2025 2:29:12.0 PM GMT:ERROR:redeem_non_reward_confirmation.cc(116)] Failed to redeem non-reward kViewedImpression confirmation for kNewTabPageAd with transaction id f4833d3c-f665-4f0c-af2b-138c0f5f1bcf and creative instance id 946d126e-a635-4c85-b150-8c4a55127439
[Oct 23, 2025 2:29:12.2 PM GMT:ERROR:confirmations.cc(104)] Failed to process kViewedImpression confirmation for kNewTabPageAd with transaction id f4833d3c-f665-4f0c-af2b-138c0f5f1bcf and creative instance id 946d126e-a635-4c85-b150-8c4a55127439
[Oct 23, 2025 2:31:19.5 PM GMT:ERROR:redeem_non_reward_confirmation.cc(116)] Failed to redeem non-reward kViewedImpression confirmation for kNewTabPageAd with transaction id 958865d1-4ed0-42cd-8615-8e88e1886528 and creative instance id 946d126e-a635-4c85-b150-8c4a55127439
[Oct 23, 2025 2:31:19.7 PM GMT:ERROR:confirmations.cc(104)] Failed to process kViewedImpression confirmation for kNewTabPageAd with transaction id 958865d1-4ed0-42cd-8615-8e88e1886528 and creative instance id 946d126e-a635-4c85-b150-8c4a55127439
[Oct 23, 2025 2:34:31.8 PM GMT:ERROR:redeem_non_reward_confirmation.cc(116)] Failed to redeem non-reward kViewedImpression confirmation for kNewTabPageAd with transaction id 2889b7fc-fc62-414b-855a-314472201133 and creative instance id 946d126e-a635-4c85-b150-8c4a55127439
[Oct 23, 2025 2:34:32.0 PM GMT:ERROR:confirmations.cc(104)] Failed to process kViewedImpression confirmation for kNewTabPageAd with transaction id 2889b7fc-fc62-414b-855a-314472201133 and creative instance id 946d126e-a635-4c85-b150-8c4a55127439
[Oct 23, 2025 2:38:53.3 PM GMT:ERROR:redeem_non_reward_confirmation.cc(116)] Failed to redeem non-reward kViewedImpression confirmation for kNewTabPageAd with transaction id f4833d3c-f665-4f0c-af2b-138c0f5f1bcf and creative instance id 946d126e-a635-4c85-b150-8c4a55127439
[Oct 23, 2025 2:38:53.5 PM GMT:ERROR:confirmations.cc(104)] Failed to process kViewedImpression confirmation for kNewTabPageAd with transaction id f4833d3c-f665-4f0c-af2b-138c0f5f1bcf and creative instance id 946d126e-a635-4c85-b150-8c4a55127439
[Oct 23, 2025 2:41:36.7 PM GMT:ERROR:redeem_non_reward_confirmation.cc(116)] Failed to redeem non-reward kViewedImpression confirmation for kNewTabPageAd with transaction id 958865d1-4ed0-42cd-8615-8e88e1886528 and creative instance id 946d126e-a635-4c85-b150-8c4a55127439
[Oct 23, 2025 2:41:36.9 PM GMT:ERROR:confirmations.cc(104)] Failed to process kViewedImpression confirmation for kNewTabPageAd with transaction id 958865d1-4ed0-42cd-8615-8e88e1886528 and creative instance id 946d126e-a635-4c85-b150-8c4a55127439
[Oct 23, 2025 2:44:59.0 PM GMT:ERROR:redeem_non_reward_confirmation.cc(116)] Failed to redeem non-reward kViewedImpression confirmation for kNewTabPageAd with transaction id 03fdf0ee-06b3-4f12-9912-62514fd0d39d and creative instance id 946d126e-a635-4c85-b150-8c4a55127439
[Oct 23, 2025 2:44:59.2 PM GMT:ERROR:confirmations.cc(104)] Failed to process kViewedImpression confirmation for kNewTabPageAd with transaction id 03fdf0ee-06b3-4f12-9912-62514fd0d39d and creative instance id 946d126e-a635-4c85-b150-8c4a55127439
[Oct 23, 2025 2:45:54.6 PM GMT:ERROR:redeem_non_reward_confirmation.cc(116)] Failed to redeem non-reward kViewedImpression confirmation for kNewTabPageAd with transaction id 03fdf0ee-06b3-4f12-9912-62514fd0d39d and creative instance id 946d126e-a635-4c85-b150-8c4a55127439
[Oct 23, 2025 2:45:54.8 PM GMT:ERROR:confirmations.cc(104)] Failed to process kViewedImpression confirmation for kNewTabPageAd with transaction id 03fdf0ee-06b3-4f12-9912-62514fd0d39d and creative instance id 946d126e-a635-4c85-b150-8c4a55127439
[Oct 23, 2025 2:46:52.3 PM GMT:ERROR:redeem_non_reward_confirmation.cc(116)] Failed to redeem non-reward kViewedImpression confirmation for kNewTabPageAd with transaction id 03fdf0ee-06b3-4f12-9912-62514fd0d39d and creative instance id 946d126e-a635-4c85-b150-8c4a55127439
[Oct 23, 2025 2:46:52.4 PM GMT:ERROR:confirmations.cc(104)] Failed to process kViewedImpression confirmation for kNewTabPageAd with transaction id 03fdf0ee-06b3-4f12-9912-62514fd0d39d and creative instance id 946d126e-a635-4c85-b150-8c4a55127439
[Oct 23, 2025 2:48:42.8 PM GMT:ERROR:redeem_non_reward_confirmation.cc(116)] Failed to redeem non-reward kViewedImpression confirmation for kNewTabPageAd with transaction id 03fdf0ee-06b3-4f12-9912-62514fd0d39d and creative instance id 946d126e-a635-4c85-b150-8c4a55127439
[Oct 23, 2025 2:48:42.9 PM GMT:ERROR:confirmations.cc(104)] Failed to process kViewedImpression confirmation for kNewTabPageAd with transaction id 03fdf0ee-06b3-4f12-9912-62514fd0d39d and creative instance id 946d126e-a635-4c85-b150-8c4a55127439
[Oct 23, 2025 2:49:17.8 PM GMT:ERROR:redeem_non_reward_confirmation.cc(116)] Failed to redeem non-reward kViewedImpression confirmation for kNewTabPageAd with transaction id 2889b7fc-fc62-414b-855a-314472201133 and creative instance id 946d126e-a635-4c85-b150-8c4a55127439
[Oct 23, 2025 2:49:18.1 PM GMT:ERROR:confirmations.cc(104)] Failed to process kViewedImpression confirmation for kNewTabPageAd with transaction id 2889b7fc-fc62-414b-855a-314472201133 and creative instance id 946d126e-a635-4c85-b150-8c4a55127439
[Oct 23, 2025 2:50:32.4 PM GMT:ERROR:redeem_non_reward_confirmation.cc(116)] Failed to redeem non-reward kViewedImpression confirmation for kNewTabPageAd with transaction id 03fdf0ee-06b3-4f12-9912-62514fd0d39d and creative instance id 946d126e-a635-4c85-b150-8c4a55127439
[Oct 23, 2025 2:50:32.5 PM GMT:ERROR:confirmations.cc(104)] Failed to process kViewedImpression confirmation for kNewTabPageAd with transaction id 03fdf0ee-06b3-4f12-9912-62514fd0d39d and creative instance id 946d126e-a635-4c85-b150-8c4a55127439
--------------------------------------------------------------------------------
[Oct 23, 2025 3:19:59.3 PM GMT:ERROR:creative_new_tab_page_ads_util.cc(123)] Successfully saved creative new tab page ads
[Oct 23, 2025 3:19:59.3 PM GMT:ERROR:creative_new_tab_page_ads_util.cc(108)] Successfully saved creative set conversions
[Oct 23, 2025 3:20:37.4 PM GMT:ERROR:redeem_non_reward_confirmation.cc(116)] Failed to redeem non-reward kViewedImpression confirmation for kNewTabPageAd with transaction id 03fdf0ee-06b3-4f12-9912-62514fd0d39d and creative instance id 946d126e-a635-4c85-b150-8c4a55127439
[Oct 23, 2025 3:20:37.5 PM GMT:ERROR:confirmations.cc(104)] Failed to process kViewedImpression confirmation for kNewTabPageAd with transaction id 03fdf0ee-06b3-4f12-9912-62514fd0d39d and creative instance id 946d126e-a635-4c85-b150-8c4a55127439
[Oct 23, 2025 3:21:12.6 PM GMT:ERROR:redeem_non_reward_confirmation.cc(116)] Failed to redeem non-reward kViewedImpression confirmation for kNewTabPageAd with transaction id f4833d3c-f665-4f0c-af2b-138c0f5f1bcf and creative instance id 946d126e-a635-4c85-b150-8c4a55127439
[Oct 23, 2025 3:21:12.7 PM GMT:ERROR:confirmations.cc(104)] Failed to process kViewedImpression confirmation for kNewTabPageAd with transaction id f4833d3c-f665-4f0c-af2b-138c0f5f1bcf and creative instance id 946d126e-a635-4c85-b150-8c4a55127439
[Oct 23, 2025 3:21:53.7 PM GMT:ERROR:redeem_non_reward_confirmation.cc(116)] Failed to redeem non-reward kViewedImpression confirmation for kNewTabPageAd with transaction id 958865d1-4ed0-42cd-8615-8e88e1886528 and creative instance id 946d126e-a635-4c85-b150-8c4a55127439
[Oct 23, 2025 3:21:53.9 PM GMT:ERROR:confirmations.cc(104)] Failed to process kViewedImpression confirmation for kNewTabPageAd with transaction id 958865d1-4ed0-42cd-8615-8e88e1886528 and creative instance id 946d126e-a635-4c85-b150-8c4a55127439
[Oct 23, 2025 3:29:49.4 PM GMT:ERROR:redeem_non_reward_confirmation.cc(116)] Failed to redeem non-reward kViewedImpression confirmation for kNewTabPageAd with transaction id 2889b7fc-fc62-414b-855a-314472201133 and creative instance id 946d126e-a635-4c85-b150-8c4a55127439
[Oct 23, 2025 3:29:49.6 PM GMT:ERROR:confirmations.cc(104)] Failed to process kViewedImpression confirmation for kNewTabPageAd with transaction id 2889b7fc-fc62-414b-855a-314472201133 and creative instance id 946d126e-a635-4c85-b150-8c4a55127439
[Oct 23, 2025 3:31:48.7 PM GMT:ERROR:redeem_non_reward_confirmation.cc(116)] Failed to redeem non-reward kViewedImpression confirmation for kNewTabPageAd with transaction id 03fdf0ee-06b3-4f12-9912-62514fd0d39d and creative instance id 946d126e-a635-4c85-b150-8c4a55127439
[Oct 23, 2025 3:31:48.9 PM GMT:ERROR:confirmations.cc(104)] Failed to process kViewedImpression confirmation for kNewTabPageAd with transaction id 03fdf0ee-06b3-4f12-9912-62514fd0d39d and creative instance id 946d126e-a635-4c85-b150-8c4a55127439
--------------------------------------------------------------------------------
[Oct 23, 2025 3:51:06.1 PM GMT:ERROR:creative_new_tab_page_ads_util.cc(123)] Successfully saved creative new tab page ads
[Oct 23, 2025 3:51:06.1 PM GMT:ERROR:creative_new_tab_page_ads_util.cc(108)] Successfully saved creative set conversions
[Oct 23, 2025 3:51:47.1 PM GMT:ERROR:redeem_non_reward_confirmation.cc(116)] Failed to redeem non-reward kViewedImpression confirmation for kNewTabPageAd with transaction id f4833d3c-f665-4f0c-af2b-138c0f5f1bcf and creative instance id 946d126e-a635-4c85-b150-8c4a55127439
[Oct 23, 2025 3:51:47.2 PM GMT:ERROR:confirmations.cc(104)] Failed to process kViewedImpression confirmation for kNewTabPageAd with transaction id f4833d3c-f665-4f0c-af2b-138c0f5f1bcf and creative instance id 946d126e-a635-4c85-b150-8c4a55127439
[Oct 23, 2025 3:52:28.3 PM GMT:ERROR:redeem_non_reward_confirmation.cc(116)] Failed to redeem non-reward kViewedImpression confirmation for kNewTabPageAd with transaction id 03fdf0ee-06b3-4f12-9912-62514fd0d39d and creative instance id 946d126e-a635-4c85-b150-8c4a55127439
[Oct 23, 2025 3:52:28.4 PM GMT:ERROR:confirmations.cc(104)] Failed to process kViewedImpression confirmation for kNewTabPageAd with transaction id 03fdf0ee-06b3-4f12-9912-62514fd0d39d and creative instance id 946d126e-a635-4c85-b150-8c4a55127439
--------------------------------------------------------------------------------
[Oct 23, 2025 3:59:41.6 PM GMT:ERROR:creative_new_tab_page_ads_util.cc(123)] Successfully saved creative new tab page ads
[Oct 23, 2025 3:59:41.6 PM GMT:ERROR:creative_new_tab_page_ads_util.cc(108)] Successfully saved creative set conversions
--------------------------------------------------------------------------------
[Oct 23, 2025 4:00:29.1 PM GMT:ERROR:creative_new_tab_page_ads_util.cc(123)] Successfully saved creative new tab page ads
[Oct 23, 2025 4:00:29.1 PM GMT:ERROR:creative_new_tab_page_ads_util.cc(108)] Successfully saved creative set conversions
[Oct 23, 2025 4:01:10.1 PM GMT:ERROR:redeem_non_reward_confirmation.cc(116)] Failed to redeem non-reward kViewedImpression confirmation for kNewTabPageAd with transaction id 22123f38-5b5d-4063-b7b7-10c6b798d40d and creative instance id 393053c3-101e-48fb-8d69-113b4e5e59f9
[Oct 23, 2025 4:01:10.3 PM GMT:ERROR:confirmations.cc(104)] Failed to process kViewedImpression confirmation for kNewTabPageAd with transaction id 22123f38-5b5d-4063-b7b7-10c6b798d40d and creative instance id 393053c3-101e-48fb-8d69-113b4e5e59f9
[Oct 23, 2025 4:01:51.6 PM GMT:ERROR:redeem_non_reward_confirmation.cc(116)] Failed to redeem non-reward kViewedImpression confirmation for kNewTabPageAd with transaction id 22123f38-5b5d-4063-b7b7-10c6b798d40d and creative instance id 393053c3-101e-48fb-8d69-113b4e5e59f9
[Oct 23, 2025 4:01:51.7 PM GMT:ERROR:confirmations.cc(104)] Failed to process kViewedImpression confirmation for kNewTabPageAd with transaction id 22123f38-5b5d-4063-b7b7-10c6b798d40d and creative instance id 393053c3-101e-48fb-8d69-113b4e5e59f9
[Oct 23, 2025 4:02:40.8 PM GMT:ERROR:redeem_non_reward_confirmation.cc(116)] Failed to redeem non-reward kViewedImpression confirmation for kNewTabPageAd with transaction id 22123f38-5b5d-4063-b7b7-10c6b798d40d and creative instance id 393053c3-101e-48fb-8d69-113b4e5e59f9
[Oct 23, 2025 4:02:40.9 PM GMT:ERROR:confirmations.cc(104)] Failed to process kViewedImpression confirmation for kNewTabPageAd with transaction id 22123f38-5b5d-4063-b7b7-10c6b798d40d and creative instance id 393053c3-101e-48fb-8d69-113b4e5e59f9
--------------------------------------------------------------------------------
[Oct 23, 2025 4:13:06.9 PM GMT:ERROR:creative_new_tab_page_ads_util.cc(123)] Successfully saved creative new tab page ads
[Oct 23, 2025 4:13:06.9 PM GMT:ERROR:creative_new_tab_page_ads_util.cc(108)] Successfully saved creative set conversions
--------------------------------------------------------------------------------
[Oct 23, 2025 4:24:06.2 PM GMT:ERROR:creative_new_tab_page_ads_util.cc(123)] Successfully saved creative new tab page ads
[Oct 23, 2025 4:24:06.2 PM GMT:ERROR:creative_new_tab_page_ads_util.cc(108)] Successfully saved creative set conversions
--------------------------------------------------------------------------------
[Oct 23, 2025 4:25:18.8 PM GMT:ERROR:creative_new_tab_page_ads_util.cc(123)] Successfully saved creative new tab page ads
[Oct 23, 2025 4:25:18.8 PM GMT:ERROR:creative_new_tab_page_ads_util.cc(108)] Successfully saved creative set conversions
--------------------------------------------------------------------------------
[Oct 23, 2025 4:50:03.3 PM GMT:ERROR:creative_new_tab_page_ads_util.cc(123)] Successfully saved creative new tab page ads
[Oct 23, 2025 4:50:03.3 PM GMT:ERROR:creative_new_tab_page_ads_util.cc(108)] Successfully saved creative set conversions
--------------------------------------------------------------------------------
[Oct 23, 2025 10:01:56.9 PM GMT:ERROR:creative_new_tab_page_ads_util.cc(123)] Successfully saved creative new tab page ads
[Oct 23, 2025 10:01:56.9 PM GMT:ERROR:creative_new_tab_page_ads_util.cc(108)] Successfully saved creative set conversions
[Oct 23, 2025 10:02:02.5 PM GMT:ERROR:creative_new_tab_page_ads_util.cc(123)] Successfully saved creative new tab page ads
[Oct 23, 2025 10:02:02.5 PM GMT:ERROR:creative_new_tab_page_ads_util.cc(108)] Successfully saved creative set conversions
--------------------------------------------------------------------------------
[Oct 24, 2025 12:24:21.5 AM GMT:ERROR:creative_new_tab_page_ads_util.cc(123)] Successfully saved creative new tab page ads
[Oct 24, 2025 12:24:21.5 AM GMT:ERROR:creative_new_tab_page_ads_util.cc(108)] Successfully saved creative set conversions
--------------------------------------------------------------------------------
[Oct 24, 2025 12:27:03.0 AM GMT:ERROR:creative_new_tab_page_ads_util.cc(123)] Successfully saved creative new tab page ads
[Oct 24, 2025 12:27:03.0 AM GMT:ERROR:creative_new_tab_page_ads_util.cc(108)] Successfully saved creative set conversions
--------------------------------------------------------------------------------
[Oct 24, 2025 12:31:47.5 AM GMT:ERROR:creative_new_tab_page_ads_util.cc(123)] Successfully saved creative new tab page ads
[Oct 24, 2025 12:31:47.5 AM GMT:ERROR:creative_new_tab_page_ads_util.cc(108)] Successfully saved creative set conversions
--------------------------------------------------------------------------------
[Oct 24, 2025 12:35:59.5 AM GMT:ERROR:creative_new_tab_page_ads_util.cc(123)] Successfully saved creative new tab page ads
[Oct 24, 2025 12:35:59.5 AM GMT:ERROR:creative_new_tab_page_ads_util.cc(108)] Successfully saved creative set conversions
--------------------------------------------------------------------------------
[Oct 24, 2025 5:18:02.5 PM GMT:ERROR:creative_new_tab_page_ads_util.cc(123)] Successfully saved creative new tab page ads
[Oct 24, 2025 5:18:02.5 PM GMT:ERROR:creative_new_tab_page_ads_util.cc(108)] Successfully saved creative set conversions
--------------------------------------------------------------------------------
[Oct 24, 2025 5:58:45.8 PM GMT:ERROR:creative_new_tab_page_ads_util.cc(123)] Successfully saved creative new tab page ads
[Oct 24, 2025 5:58:45.8 PM GMT:ERROR:creative_new_tab_page_ads_util.cc(108)] Successfully saved creative set conversions
--------------------------------------------------------------------------------
[Oct 24, 2025 6:16:09.6 PM GMT:ERROR:creative_new_tab_page_ads_util.cc(123)] Successfully saved creative new tab page ads
[Oct 24, 2025 6:16:09.6 PM GMT:ERROR:creative_new_tab_page_ads_util.cc(108)] Successfully saved creative set conversions
--------------------------------------------------------------------------------
[Oct 24, 2025 11:34:07.3 PM GMT:ERROR:creative_new_tab_page_ads_util.cc(123)] Successfully saved creative new tab page ads
[Oct 24, 2025 11:34:07.3 PM GMT:ERROR:creative_new_tab_page_ads_util.cc(108)] Successfully saved creative set conversions
--------------------------------------------------------------------------------
[Oct 25, 2025 12:22:28.4 AM GMT:ERROR:creative_new_tab_page_ads_util.cc(123)] Successfully saved creative new tab page ads
[Oct 25, 2025 12:22:28.4 AM GMT:ERROR:creative_new_tab_page_ads_util.cc(108)] Successfully saved creative set conversions
--------------------------------------------------------------------------------
[Oct 25, 2025 4:25:47.6 PM GMT:ERROR:creative_new_tab_page_ads_util.cc(123)] Successfully saved creative new tab page ads
[Oct 25, 2025 4:25:47.6 PM GMT:ERROR:creative_new_tab_page_ads_util.cc(108)] Successfully saved creative set conversions
[Oct 25, 2025 4:25:51.8 PM GMT:ERROR:creative_new_tab_page_ads_util.cc(123)] Successfully saved creative new tab page ads
[Oct 25, 2025 4:25:51.8 PM GMT:ERROR:creative_new_tab_page_ads_util.cc(108)] Successfully saved creative set conversions
--------------------------------------------------------------------------------
[Oct 25, 2025 5:12:05.4 PM GMT:ERROR:creative_new_tab_page_ads_util.cc(123)] Successfully saved creative new tab page ads
[Oct 25, 2025 5:12:05.4 PM GMT:ERROR:creative_new_tab_page_ads_util.cc(108)] Successfully saved creative set conversions
--------------------------------------------------------------------------------
[Oct 25, 2025 9:33:17.2 PM GMT:ERROR:creative_new_tab_page_ads_util.cc(123)] Successfully saved creative new tab page ads
[Oct 25, 2025 9:33:17.2 PM GMT:ERROR:creative_new_tab_page_ads_util.cc(108)] Successfully saved creative set conversions
--------------------------------------------------------------------------------
[Oct 26, 2025 10:53:30.4 AM GMT:ERROR:creative_new_tab_page_ads_util.cc(123)] Successfully saved creative new tab page ads
[Oct 26, 2025 10:53:30.4 AM GMT:ERROR:creative_new_tab_page_ads_util.cc(108)] Successfully saved creative set conversions
--------------------------------------------------------------------------------
[Oct 26, 2025 1:06:54.4 PM GMT:ERROR:creative_new_tab_page_ads_util.cc(123)] Successfully saved creative new tab page ads
[Oct 26, 2025 1:06:54.4 PM GMT:ERROR:creative_new_tab_page_ads_util.cc(108)] Successfully saved creative set conversions
--------------------------------------------------------------------------------
[Oct 26, 2025 3:43:06.6 PM GMT:ERROR:creative_new_tab_page_ads_util.cc(123)] Successfully saved creative new tab page ads
[Oct 26, 2025 3:43:06.6 PM GMT:ERROR:creative_new_tab_page_ads_util.cc(108)] Successfully saved creative set conversions
--------------------------------------------------------------------------------
[Oct 26, 2025 5:36:30.1 PM GMT:ERROR:creative_new_tab_page_ads_util.cc(123)] Successfully saved creative new tab page ads
[Oct 26, 2025 5:36:30.1 PM GMT:ERROR:creative_new_tab_page_ads_util.cc(108)] Successfully saved creative set conversions
--------------------------------------------------------------------------------
[Oct 27, 2025 1:44:30.7 AM GMT:ERROR:creative_new_tab_page_ads_util.cc(123)] Successfully saved creative new tab page ads
[Oct 27, 2025 1:44:30.7 AM GMT:ERROR:creative_new_tab_page_ads_util.cc(108)] Successfully saved creative set conversions
[Oct 27, 2025 3:29:23.8 AM GMT:ERROR:creative_new_tab_page_ads_util.cc(123)] Successfully saved creative new tab page ads
[Oct 27, 2025 3:29:23.8 AM GMT:ERROR:creative_new_tab_page_ads_util.cc(108)] Successfully saved creative set conversions
--------------------------------------------------------------------------------
[Oct 27, 2025 3:36:06.0 AM GMT:ERROR:creative_new_tab_page_ads_util.cc(123)] Successfully saved creative new tab page ads
[Oct 27, 2025 3:36:06.0 AM GMT:ERROR:creative_new_tab_page_ads_util.cc(108)] Successfully saved creative set conversions
--------------------------------------------------------------------------------
[Oct 27, 2025 3:39:49.3 AM GMT:ERROR:creative_new_tab_page_ads_util.cc(123)] Successfully saved creative new tab page ads
[Oct 27, 2025 3:39:49.3 AM GMT:ERROR:creative_new_tab_page_ads_util.cc(108)] Successfully saved creative set conversions
--------------------------------------------------------------------------------
[Oct 27, 2025 4:04:18.8 AM GMT:ERROR:creative_new_tab_page_ads_util.cc(123)] Successfully saved creative new tab page ads
[Oct 27, 2025 4:04:18.8 AM GMT:ERROR:creative_new_tab_page_ads_util.cc(108)] Successfully saved creative set conversions
--------------------------------------------------------------------------------
[Oct 27, 2025 4:05:47.2 AM GMT:ERROR:creative_new_tab_page_ads_util.cc(123)] Successfully saved creative new tab page ads
[Oct 27, 2025 4:05:47.2 AM GMT:ERROR:creative_new_tab_page_ads_util.cc(108)] Successfully saved creative set conversions
--------------------------------------------------------------------------------
[Oct 27, 2025 6:38:16.8 PM GMT:ERROR:creative_new_tab_page_ads_util.cc(123)] Successfully saved creative new tab page ads
[Oct 27, 2025 6:38:16.8 PM GMT:ERROR:creative_new_tab_page_ads_util.cc(108)] Successfully saved creative set conversions
[Oct 27, 2025 6:38:19.4 PM GMT:ERROR:creative_new_tab_page_ads_util.cc(123)] Successfully saved creative new tab page ads
[Oct 27, 2025 6:38:19.4 PM GMT:ERROR:creative_new_tab_page_ads_util.cc(108)] Successfully saved creative set conversions
--------------------------------------------------------------------------------
[Oct 27, 2025 11:50:04.6 PM GMT:ERROR:creative_new_tab_page_ads_util.cc(123)] Successfully saved creative new tab page ads
[Oct 27, 2025 11:50:04.6 PM GMT:ERROR:creative_new_tab_page_ads_util.cc(108)] Successfully saved creative set conversions
[Oct 27, 2025 11:50:08.5 PM GMT:ERROR:creative_new_tab_page_ads_util.cc(123)] Successfully saved creative new tab page ads
[Oct 27, 2025 11:50:08.5 PM GMT:ERROR:creative_new_tab_page_ads_util.cc(108)] Successfully saved creative set conversions
[Oct 28, 2025 3:19:58.1 AM GMT:ERROR:creative_new_tab_page_ads_util.cc(123)] Successfully saved creative new tab page ads
[Oct 28, 2025 3:19:58.1 AM GMT:ERROR:creative_new_tab_page_ads_util.cc(108)] Successfully saved creative set conversions
--------------------------------------------------------------------------------
[Oct 28, 2025 3:39:39.8 AM GMT:ERROR:creative_new_tab_page_ads_util.cc(123)] Successfully saved creative new tab page ads
[Oct 28, 2025 3:39:39.8 AM GMT:ERROR:creative_new_tab_page_ads_util.cc(108)] Successfully saved creative set conversions
--------------------------------------------------------------------------------
[Oct 28, 2025 12:06:39.7 PM GMT:ERROR:creative_new_tab_page_ads_util.cc(123)] Successfully saved creative new tab page ads
[Oct 28, 2025 12:06:39.7 PM GMT:ERROR:creative_new_tab_page_ads_util.cc(108)] Successfully saved creative set conversions
--------------------------------------------------------------------------------
[Oct 28, 2025 9:00:16.9 PM GMT:ERROR:creative_new_tab_page_ads_util.cc(123)] Successfully saved creative new tab page ads
[Oct 28, 2025 9:00:16.9 PM GMT:ERROR:creative_new_tab_page_ads_util.cc(108)] Successfully saved creative set conversions
--------------------------------------------------------------------------------
[Oct 28, 2025 11:59:27.6 PM GMT:ERROR:creative_new_tab_page_ads_util.cc(123)] Successfully saved creative new tab page ads
[Oct 28, 2025 11:59:27.6 PM GMT:ERROR:creative_new_tab_page_ads_util.cc(108)] Successfully saved creative set conversions
--------------------------------------------------------------------------------
[Oct 29, 2025 2:27:45.1 AM GMT:ERROR:creative_new_tab_page_ads_util.cc(123)] Successfully saved creative new tab page ads
[Oct 29, 2025 2:27:45.1 AM GMT:ERROR:creative_new_tab_page_ads_util.cc(108)] Successfully saved creative set conversions
[Oct 29, 2025 3:27:36.9 AM GMT:ERROR:creative_new_tab_page_ads_util.cc(123)] Successfully saved creative new tab page ads
[Oct 29, 2025 3:27:36.9 AM GMT:ERROR:creative_new_tab_page_ads_util.cc(108)] Successfully saved creative set conversions
--------------------------------------------------------------------------------
[Oct 29, 2025 6:08:54.1 AM GMT:ERROR:creative_new_tab_page_ads_util.cc(123)] Successfully saved creative new tab page ads
[Oct 29, 2025 6:08:54.1 AM GMT:ERROR:creative_new_tab_page_ads_util.cc(108)] Successfully saved creative set conversions
--------------------------------------------------------------------------------
[Oct 29, 2025 9:04:38.5 PM GMT:ERROR:creative_new_tab_page_ads_util.cc(123)] Successfully saved creative new tab page ads
[Oct 29, 2025 9:04:38.5 PM GMT:ERROR:creative_new_tab_page_ads_util.cc(108)] Successfully saved creative set conversions
--------------------------------------------------------------------------------
[Oct 30, 2025 1:25:33.8 AM GMT:ERROR:creative_new_tab_page_ads_util.cc(123)] Successfully saved creative new tab page ads
[Oct 30, 2025 1:25:33.8 AM GMT:ERROR:creative_new_tab_page_ads_util.cc(108)] Successfully saved creative set conversions
--------------------------------------------------------------------------------
[Oct 30, 2025 1:41:27.1 AM GMT:ERROR:creative_new_tab_page_ads_util.cc(123)] Successfully saved creative new tab page ads
[Oct 30, 2025 1:41:27.1 AM GMT:ERROR:creative_new_tab_page_ads_util.cc(108)] Successfully saved creative set conversions
--------------------------------------------------------------------------------
[Oct 30, 2025 1:53:51.3 AM GMT:ERROR:creative_new_tab_page_ads_util.cc(123)] Successfully saved creative new tab page ads
[Oct 30, 2025 1:53:51.3 AM GMT:ERROR:creative_new_tab_page_ads_util.cc(108)] Successfully saved creative set conversions
--------------------------------------------------------------------------------
[Oct 30, 2025 1:54:47.0 AM GMT:ERROR:creative_new_tab_page_ads_util.cc(123)] Successfully saved creative new tab page ads
[Oct 30, 2025 1:54:47.0 AM GMT:ERROR:creative_new_tab_page_ads_util.cc(108)] Successfully saved creative set conversions
--------------------------------------------------------------------------------
[Oct 30, 2025 2:36:41.2 AM GMT:ERROR:creative_new_tab_page_ads_util.cc(123)] Successfully saved creative new tab page ads
[Oct 30, 2025 2:36:41.2 AM GMT:ERROR:creative_new_tab_page_ads_util.cc(108)] Successfully saved creative set conversions
--------------------------------------------------------------------------------
[Oct 30, 2025 2:45:07.4 AM GMT:ERROR:creative_new_tab_page_ads_util.cc(123)] Successfully saved creative new tab page ads
[Oct 30, 2025 2:45:07.4 AM GMT:ERROR:creative_new_tab_page_ads_util.cc(108)] Successfully saved creative set conversions
--------------------------------------------------------------------------------
[Oct 30, 2025 3:04:46.9 AM GMT:ERROR:creative_new_tab_page_ads_util.cc(123)] Successfully saved creative new tab page ads
[Oct 30, 2025 3:04:46.9 AM GMT:ERROR:creative_new_tab_page_ads_util.cc(108)] Successfully saved creative set conversions
--------------------------------------------------------------------------------
[Oct 30, 2025 3:08:57.8 AM GMT:ERROR:creative_new_tab_page_ads_util.cc(123)] Successfully saved creative new tab page ads
[Oct 30, 2025 3:08:57.8 AM GMT:ERROR:creative_new_tab_page_ads_util.cc(108)] Successfully saved creative set conversions
--------------------------------------------------------------------------------
[Oct 30, 2025 3:15:01.0 AM GMT:ERROR:creative_new_tab_page_ads_util.cc(123)] Successfully saved creative new tab page ads
[Oct 30, 2025 3:15:01.0 AM GMT:ERROR:creative_new_tab_page_ads_util.cc(108)] Successfully saved creative set conversions
--------------------------------------------------------------------------------
[Oct 30, 2025 3:21:54.6 AM GMT:ERROR:creative_new_tab_page_ads_util.cc(123)] Successfully saved creative new tab page ads
[Oct 30, 2025 3:21:54.6 AM GMT:ERROR:creative_new_tab_page_ads_util.cc(108)] Successfully saved creative set conversions
[Oct 30, 2025 3:21:57.3 AM GMT:ERROR:creative_new_tab_page_ads_util.cc(123)] Successfully saved creative new tab page ads
[Oct 30, 2025 3:21:57.3 AM GMT:ERROR:creative_new_tab_page_ads_util.cc(108)] Successfully saved creative set conversions
--------------------------------------------------------------------------------
[Oct 30, 2025 3:39:16.1 AM GMT:ERROR:creative_new_tab_page_ads_util.cc(123)] Successfully saved creative new tab page ads
[Oct 30, 2025 3:39:16.1 AM GMT:ERROR:creative_new_tab_page_ads_util.cc(108)] Successfully saved creative set conversions
--------------------------------------------------------------------------------
[Oct 30, 2025 3:42:05.6 AM GMT:ERROR:creative_new_tab_page_ads_util.cc(123)] Successfully saved creative new tab page ads
[Oct 30, 2025 3:42:05.6 AM GMT:ERROR:creative_new_tab_page_ads_util.cc(108)] Successfully saved creative set conversions
--------------------------------------------------------------------------------
[Oct 30, 2025 4:22:26.1 AM GMT:ERROR:creative_new_tab_page_ads_util.cc(123)] Successfully saved creative new tab page ads
[Oct 30, 2025 4:22:26.1 AM GMT:ERROR:creative_new_tab_page_ads_util.cc(108)] Successfully saved creative set conversions
[Oct 30, 2025 4:27:07.2 AM GMT:ERROR:conversion_resource.cc(68)] Failed to load and parse nnqccijfhvzwyrxpxwjrpmynaiazctqb conversion resource
[Oct 30, 2025 4:27:07.2 AM GMT:ERROR:conversion_resource.cc(68)] Failed to load and parse nnqccijfhvzwyrxpxwjrpmynaiazctqb conversion resource
--------------------------------------------------------------------------------
[Oct 30, 2025 4:28:16.4 AM GMT:ERROR:conversion_resource.cc(68)] Failed to load and parse nnqccijfhvzwyrxpxwjrpmynaiazctqb conversion resource
[Oct 30, 2025 4:28:16.9 AM GMT:ERROR:creative_new_tab_page_ads_util.cc(123)] Successfully saved creative new tab page ads
[Oct 30, 2025 4:28:16.9 AM GMT:ERROR:creative_new_tab_page_ads_util.cc(108)] Successfully saved creative set conversions
--------------------------------------------------------------------------------
[Oct 30, 2025 4:31:06.6 AM GMT:ERROR:conversion_resource.cc(68)] Failed to load and parse nnqccijfhvzwyrxpxwjrpmynaiazctqb conversion resource
[Oct 30, 2025 4:31:06.9 AM GMT:ERROR:creative_new_tab_page_ads_util.cc(123)] Successfully saved creative new tab page ads
[Oct 30, 2025 4:31:06.9 AM GMT:ERROR:creative_new_tab_page_ads_util.cc(108)] Successfully saved creative set conversions
--------------------------------------------------------------------------------
[Oct 30, 2025 6:33:37.6 AM GMT:ERROR:conversion_resource.cc(68)] Failed to load and parse nnqccijfhvzwyrxpxwjrpmynaiazctqb conversion resource
[Oct 30, 2025 6:33:38.1 AM GMT:ERROR:creative_new_tab_page_ads_util.cc(123)] Successfully saved creative new tab page ads
[Oct 30, 2025 6:33:38.1 AM GMT:ERROR:creative_new_tab_page_ads_util.cc(108)] Successfully saved creative set conversions
--------------------------------------------------------------------------------
[Oct 30, 2025 7:34:37.1 AM GMT:ERROR:conversion_resource.cc(68)] Failed to load and parse nnqccijfhvzwyrxpxwjrpmynaiazctqb conversion resource
[Oct 30, 2025 7:34:37.5 AM GMT:ERROR:creative_new_tab_page_ads_util.cc(123)] Successfully saved creative new tab page ads
[Oct 30, 2025 7:34:37.5 AM GMT:ERROR:creative_new_tab_page_ads_util.cc(108)] Successfully saved creative set conversions
--------------------------------------------------------------------------------
[Oct 30, 2025 7:37:27.6 AM GMT:ERROR:conversion_resource.cc(68)] Failed to load and parse nnqccijfhvzwyrxpxwjrpmynaiazctqb conversion resource
[Oct 30, 2025 7:37:28.0 AM GMT:ERROR:creative_new_tab_page_ads_util.cc(123)] Successfully saved creative new tab page ads
[Oct 30, 2025 7:37:28.0 AM GMT:ERROR:creative_new_tab_page_ads_util.cc(108)] Successfully saved creative set conversions
--------------------------------------------------------------------------------
[Oct 30, 2025 11:00:03.0 AM GMT:ERROR:conversion_resource.cc(68)] Failed to load and parse nnqccijfhvzwyrxpxwjrpmynaiazctqb conversion resource
[Oct 30, 2025 11:00:05.5 AM GMT:ERROR:creative_new_tab_page_ads_util.cc(123)] Successfully saved creative new tab page ads
[Oct 30, 2025 11:00:05.5 AM GMT:ERROR:creative_new_tab_page_ads_util.cc(108)] Successfully saved creative set conversions
--------------------------------------------------------------------------------
[Oct 30, 2025 11:29:37.3 AM GMT:ERROR:conversion_resource.cc(68)] Failed to load and parse nnqccijfhvzwyrxpxwjrpmynaiazctqb conversion resource
[Oct 30, 2025 11:29:37.7 AM GMT:ERROR:creative_new_tab_page_ads_util.cc(123)] Successfully saved creative new tab page ads
[Oct 30, 2025 11:29:37.7 AM GMT:ERROR:creative_new_tab_page_ads_util.cc(108)] Successfully saved creative set conversions
