00:00:00.838244 VirtualBox GUI VM Selector Window 7.2.2 r170484 linux.amd64 (Sep 24 2025 20:15:03) release log
00:00:00.838247 Log opened 2025-10-19T03:08:42.692209000Z
00:00:00.838247 Build Type: release
00:00:00.838249 OS Product: Linux
00:00:00.838250 OS Release: 6.17.2-arch1-1
00:00:00.838251 OS Version: #1 SMP PREEMPT_DYNAMIC Sun, 12 Oct 2025 12:45:18 +0000
00:00:00.838276 DMI Product Name: System Product Name
00:00:00.838289 DMI Product Version: System Version
00:00:00.838295 Firmware type: UEFI
00:00:00.838447 Secure Boot: Disabled
00:00:00.838488 Host RAM: 15889MB (15.5GB) total, 14776MB (14.4GB) available
00:00:00.838490 Executable: /usr/lib/virtualbox/VirtualBox
00:00:00.838491 Process ID: 120180
00:00:00.838491 Package type: LINUX_64BITS_GENERIC (OSE)
00:00:00.838519 Qt version: 6.10.0
00:00:00.839164 GUI: UIMediumEnumerator: Initial medium-enumeration finished!
00:00:00.870023 GUI: UIMediumEnumerator: Medium-enumeration started...
00:00:01.423468 GUI: UIMediumEnumerator: Medium-enumeration finished!
00:00:04.998717 GUI: UIInvisibleWindow::sltFallback: Move event missing. Screen: 0, work area: 959x539 x 800x800
00:00:04.998741 GUI: UIDesktopWidgetWatchdog::sltHandleHostScreenAvailableGeometryCalculated: Screen 0 work area is actually resized to: 959x539 x 800x800
00:00:11.159583 GUI: UICommon: Handling aboutToQuit request..
00:00:11.878038 GUI: UICommon: aboutToQuit request handled!
